<?xml version="1.0" encoding="UTF-8"?>
<!-- Generated by org.testng.reporters.JUnitReportReporter -->
<testsuite hostname="John" failures="0" tests="5" name="pagesTest.HomePageTest" time="3.538" errors="0" timestamp="2023-11-07T21:41:05 EST" skipped="4">
  <testcase classname="pagesTest.HomePageTest" name="clickLogoTest" time="3.538"/>
  <testcase classname="pagesTest.HomePageTest" name="clickLoginButtonTest">
    <skipped/>
  </testcase> <!-- clickLoginButtonTest -->
  <testcase classname="pagesTest.HomePageTest" name="clickUserIdTest">
    <skipped/>
  </testcase> <!-- clickUserIdTest -->
  <testcase classname="pagesTest.HomePageTest" name="clickPassword">
    <skipped/>
  </testcase> <!-- clickPassword -->
  <testcase classname="pagesTest.HomePageTest" name="clickNewUserRegistrationTest">
    <skipped/>
  </testcase> <!-- clickNewUserRegistrationTest -->
</testsuite> <!-- pagesTest.HomePageTest -->
